# JRE version: Java(TM) SE Runtime Environment (15.0.1+9) (build 15.0.1+9-18)
# Java VM: Java HotSpot(TM) 64-Bit Server VM (15.0.1+9-18, mixed mode, sharing, tiered, compressed oops, g1 gc, windows-amd64)
GC Precious Log:
 CPUs: 12 total, 12 available
 Memory: 16331M
 Large Page Support: Disabled
 NUMA Support: Disabled
 Compressed Oops: Enabled (Zero based)
 Heap Region Size: 2M
 Heap Min Capacity: 8M
 Heap Initial Capacity: 256M
 Heap Max Capacity: 4084M
 Pre-touch: Disabled
 Parallel Workers: 10
 Concurrent Workers: 3
 Concurrent Refinement Workers: 10
 Periodic GC: Disabled
Heap:
 garbage-first heap   total 235520K, used 175269K [0x0000000700c00000, 0x0000000800000000)
  region size 2048K, 13 young (26624K), 1 survivors (2048K)
 Metaspace       used 30001K, capacity 30286K, committed 30588K, reserved 1077248K
  class space    used 3078K, capacity 3191K, committed 3276K, reserved 1048576K
GC Heap History (14 events):
Event: 0.709 GC heap before
{Heap before GC invocations=0 (full 0):
 garbage-first heap   total 262144K, used 22528K [0x0000000700c00000, 0x0000000800000000)
  region size 2048K, 11 young (22528K), 0 survivors (0K)
 Metaspace       used 11044K, capacity 11272K, committed 11392K, reserved 1058816K
  class space    used 1199K, capacity 1292K, committed 1408K, reserved 1048576K
}
Event: 0.713 GC heap after
{Heap after GC invocations=1 (full 0):
 garbage-first heap   total 262144K, used 4388K [0x0000000700c00000, 0x0000000800000000)
  region size 2048K, 2 young (4096K), 2 survivors (4096K)
 Metaspace       used 11044K, capacity 11272K, committed 11392K, reserved 1058816K
  class space    used 1199K, capacity 1292K, committed 1408K, reserved 1048576K
}
Event: 1.792 GC heap before
{Heap before GC invocations=1 (full 0):
 garbage-first heap   total 262144K, used 26916K [0x0000000700c00000, 0x0000000800000000)
  region size 2048K, 15 young (30720K), 2 survivors (4096K)
 Metaspace       used 20860K, capacity 21062K, committed 21296K, reserved 1069056K
  class space    used 2067K, capacity 2151K, committed 2176K, reserved 1048576K
}
Event: 1.797 GC heap after
{Heap after GC invocations=2 (full 0):
 garbage-first heap   total 262144K, used 7794K [0x0000000700c00000, 0x0000000800000000)
  region size 2048K, 2 young (4096K), 2 survivors (4096K)
 Metaspace       used 20860K, capacity 21062K, committed 21296K, reserved 1069056K
  class space    used 2067K, capacity 2151K, committed 2176K, reserved 1048576K
}
Event: 2.848 GC heap before
{Heap before GC invocations=3 (full 0):
 garbage-first heap   total 40960K, used 30322K [0x0000000700c00000, 0x0000000800000000)
  region size 2048K, 12 young (24576K), 2 survivors (4096K)
 Metaspace       used 27186K, capacity 27446K, committed 27772K, reserved 1075200K
  class space    used 2804K, capacity 2885K, committed 3020K, reserved 1048576K
}
Event: 2.851 GC heap after
{Heap after GC invocations=4 (full 0):
 garbage-first heap   total 40960K, used 12350K [0x0000000700c00000, 0x0000000800000000)
  region size 2048K, 2 young (4096K), 2 survivors (4096K)
 Metaspace       used 27186K, capacity 27446K, committed 27772K, reserved 1075200K
  class space    used 2804K, capacity 2885K, committed 3020K, reserved 1048576K
}
Event: 10.909 GC heap before
{Heap before GC invocations=4 (full 0):
 garbage-first heap   total 40960K, used 24638K [0x0000000700c00000, 0x0000000800000000)
  region size 2048K, 7 young (14336K), 2 survivors (4096K)
 Metaspace       used 29509K, capacity 29851K, committed 30076K, reserved 1077248K
  class space    used 3035K, capacity 3153K, committed 3276K, reserved 1048576K
}
Event: 10.912 GC heap after
{Heap after GC invocations=5 (full 0):
 garbage-first heap   total 40960K, used 17813K [0x0000000700c00000, 0x0000000800000000)
  region size 2048K, 1 young (2048K), 1 survivors (2048K)
 Metaspace       used 29509K, capacity 29851K, committed 30076K, reserved 1077248K
  class space    used 3035K, capacity 3153K, committed 3276K, reserved 1048576K
}
Event: 10.928 GC heap before
{Heap before GC invocations=6 (full 0):
 garbage-first heap   total 92160K, used 66965K [0x0000000700c00000, 0x0000000800000000)
  region size 2048K, 2 young (4096K), 1 survivors (2048K)
 Metaspace       used 29588K, capacity 29860K, committed 30076K, reserved 1077248K
  class space    used 3043K, capacity 3156K, committed 3276K, reserved 1048576K
}
Event: 10.929 GC heap after
{Heap after GC invocations=7 (full 0):
 garbage-first heap   total 92160K, used 67292K [0x0000000700c00000, 0x0000000800000000)
  region size 2048K, 1 young (2048K), 1 survivors (2048K)
 Metaspace       used 29588K, capacity 29860K, committed 30076K, reserved 1077248K
  class space    used 3043K, capacity 3156K, committed 3276K, reserved 1048576K
}
Event: 10.955 GC heap before
{Heap before GC invocations=8 (full 0):
 garbage-first heap   total 153600K, used 110300K [0x0000000700c00000, 0x0000000800000000)
  region size 2048K, 2 young (4096K), 1 survivors (2048K)
 Metaspace       used 29632K, capacity 29988K, committed 30332K, reserved 1077248K
  class space    used 3050K, capacity 3156K, committed 3276K, reserved 1048576K
}
Event: 10.956 GC heap after
{Heap after GC invocations=9 (full 0):
 garbage-first heap   total 153600K, used 110337K [0x0000000700c00000, 0x0000000800000000)
  region size 2048K, 1 young (2048K), 1 survivors (2048K)
 Metaspace       used 29632K, capacity 29988K, committed 30332K, reserved 1077248K
  class space    used 3050K, capacity 3156K, committed 3276K, reserved 1048576K
}
Event: 11.086 GC heap before
{Heap before GC invocations=10 (full 0):
 garbage-first heap   total 235520K, used 167681K [0x0000000700c00000, 0x0000000800000000)
  region size 2048K, 9 young (18432K), 1 survivors (2048K)
 Metaspace       used 29991K, capacity 30286K, committed 30588K, reserved 1077248K
  class space    used 3078K, capacity 3191K, committed 3276K, reserved 1048576K
}
Event: 11.088 GC heap after
{Heap after GC invocations=11 (full 0):
 garbage-first heap   total 235520K, used 152741K [0x0000000700c00000, 0x0000000800000000)
  region size 2048K, 1 young (2048K), 1 survivors (2048K)
 Metaspace       used 29991K, capacity 30286K, committed 30588K, reserved 1077248K
  class space    used 3078K, capacity 3191K, committed 3276K, reserved 1048576K
}

